<?xml version="1.0" encoding="UTF-8"?>
<!-- Generated by org.testng.reporters.JUnitXMLReporter -->
<testsuite hostname="Seema-PC" ignored="0" name="Default test(failed)" tests="2" failures="0" timestamp="19 Jul 2020 17:34:41 GMT" time="0.185" errors="0">
  <testcase name="@BeforeTest setUp" time="0.033" classname="com.crm.qa.testcases.LoginPageTest">
    <failure type="java.lang.NullPointerException">
      <![CDATA[java.lang.NullPointerException
	at com.crm.qa.testbase.Testbase.initialization(Testbase.java:33)
	at com.crm.qa.testcases.LoginPageTest.setUp(LoginPageTest.java:19)
... Removed 23 stack frames]]>
    </failure>
  </testcase> <!-- @BeforeTest setUp -->
  <testcase name="@AfterTest tearDown" time="0.0" classname="com.crm.qa.testcases.LoginPageTest">
    <skipped/>
  </testcase> <!-- @AfterTest tearDown -->
  <testcase name="gotoRegisterPageTest" time="0.001" classname="com.crm.qa.testcases.LoginPageTest">
    <skipped/>
  </testcase> <!-- gotoRegisterPageTest -->
  <testcase name="verifyLoginPageTitleTest" time="0.0" classname="com.crm.qa.testcases.LoginPageTest">
    <skipped/>
  </testcase> <!-- verifyLoginPageTitleTest -->
</testsuite> <!-- Default test(failed) -->
